2020-08-05T21:03:32.216Z [my-bank-api] info: File created and API Started
2020-08-05T21:05:57.796Z [my-bank-api] info: File created and API Started
2020-08-05T21:06:27.765Z [my-bank-api] error: GET /account - ENOENT: no such file or directory, open 'accounts.json'
2020-08-05T21:10:53.256Z [my-bank-api] info: File created and API Started
2020-08-05T21:19:21.651Z [my-bank-api] info: API Started
2020-08-05T21:19:53.277Z [my-bank-api] info: API Started
2020-08-05T21:20:10.812Z [my-bank-api] info: API Started
2020-08-05T21:20:27.784Z [my-bank-api] info: API Started
2020-08-05T21:22:03.401Z [my-bank-api] info: API Started
2020-08-05T21:27:27.090Z [my-bank-api] info: API Started
2020-08-05T21:27:54.151Z [my-bank-api] info: API Started
2020-08-05T21:28:05.215Z [my-bank-api] info: API Started
2020-08-05T21:31:31.897Z [my-bank-api] info: API Started
2020-08-05T21:32:26.203Z [my-bank-api] info: API Started
2020-08-05T21:33:04.784Z [my-bank-api] info: API Started
2020-08-06T19:00:31.664Z [my-bank-api] info: API Started
2020-08-06T19:01:58.117Z [my-bank-api] info: GET /account
2020-08-06T19:03:00.820Z [my-bank-api] info: POST /account - {"id":1,"name":"Igor Alexandre","balance":1000}
2020-08-06T19:03:20.476Z [my-bank-api] info: POST /account - {"id":2,"name":"Fulando da Silva","balance":457.5}
2020-08-06T19:03:41.037Z [my-bank-api] info: POST /account - {"id":3,"name":"Ciclano dos Santos","balance":4782.2}
2020-08-06T19:04:02.840Z [my-bank-api] info: POST /account - {"id":4,"name":"Beltrano Monteiro","balance":1847.9}
2020-08-06T19:04:09.565Z [my-bank-api] info: GET /account
2020-08-06T19:45:29.241Z [my-bank-api] info: File created and API Started
2020-08-06T19:52:10.107Z [my-bank-api] info: API Started
